<?xml version="1.0" encoding="UTF-8"?>
<testsuite xmlns:xsi="http://www.w3.org/2001/XMLSchema-instance" xsi:noNamespaceSchemaLocation="https://maven.apache.org/surefire/maven-surefire-plugin/xsd/surefire-test-report-3.0.xsd" version="3.0" name="com.example.MakeMyTrip.MakeMyTripApplicationTests" time="1.428" tests="1" errors="0" skipped="0" failures="0">
  <properties>
    <property name="java.specification.version" value="21"/>
    <property name="sun.jnu.encoding" value="UTF-8"/>
    <property name="java.class.path" value="/Users/akshayyendhe/Downloads/aws/DevOps/Projects/MakeMyTrip/target/test-classes:/Users/akshayyendhe/Downloads/aws/DevOps/Projects/MakeMyTrip/target/classes:/Users/akshayyendhe/.m2/repository/org/springframework/boot/spring-boot-starter-actuator/3.3.11/spring-boot-starter-actuator-3.3.11.jar:/Users/akshayyendhe/.m2/repository/org/springframework/boot/spring-boot-starter/3.3.11/spring-boot-starter-3.3.11.jar:/Users/akshayyendhe/.m2/repository/org/springframework/boot/spring-boot/3.3.11/spring-boot-3.3.11.jar:/Users/akshayyendhe/.m2/repository/org/springframework/boot/spring-boot-autoconfigure/3.3.11/spring-boot-autoconfigure-3.3.11.jar:/Users/akshayyendhe/.m2/repository/org/springframework/boot/spring-boot-starter-logging/3.3.11/spring-boot-starter-logging-3.3.11.jar:/Users/akshayyendhe/.m2/repository/ch/qos/logback/logback-classic/1.5.18/logback-classic-1.5.18.jar:/Users/akshayyendhe/.m2/repository/ch/qos/logback/logback-core/1.5.18/logback-core-1.5.18.jar:/Users/akshayyendhe/.m2/repository/org/apache/logging/log4j/log4j-to-slf4j/2.23.1/log4j-to-slf4j-2.23.1.jar:/Users/akshayyendhe/.m2/repository/org/apache/logging/log4j/log4j-api/2.23.1/log4j-api-2.23.1.jar:/Users/akshayyendhe/.m2/repository/org/slf4j/jul-to-slf4j/2.0.17/jul-to-slf4j-2.0.17.jar:/Users/akshayyendhe/.m2/repository/jakarta/annotation/jakarta.annotation-api/2.1.1/jakarta.annotation-api-2.1.1.jar:/Users/akshayyendhe/.m2/repository/org/yaml/snakeyaml/2.2/snakeyaml-2.2.jar:/Users/akshayyendhe/.m2/repository/org/springframework/boot/spring-boot-actuator-autoconfigure/3.3.11/spring-boot-actuator-autoconfigure-3.3.11.jar:/Users/akshayyendhe/.m2/repository/org/springframework/boot/spring-boot-actuator/3.3.11/spring-boot-actuator-3.3.11.jar:/Users/akshayyendhe/.m2/repository/com/fasterxml/jackson/core/jackson-databind/2.17.3/jackson-databind-2.17.3.jar:/Users/akshayyendhe/.m2/repository/com/fasterxml/jackson/core/jackson-annotations/2.17.3/jackson-annotations-2.17.3.jar:/Users/akshayyendhe/.m2/repository/com/fasterxml/jackson/core/jackson-core/2.17.3/jackson-core-2.17.3.jar:/Users/akshayyendhe/.m2/repository/com/fasterxml/jackson/datatype/jackson-datatype-jsr310/2.17.3/jackson-datatype-jsr310-2.17.3.jar:/Users/akshayyendhe/.m2/repository/io/micrometer/micrometer-observation/1.13.13/micrometer-observation-1.13.13.jar:/Users/akshayyendhe/.m2/repository/io/micrometer/micrometer-commons/1.13.13/micrometer-commons-1.13.13.jar:/Users/akshayyendhe/.m2/repository/io/micrometer/micrometer-jakarta9/1.13.13/micrometer-jakarta9-1.13.13.jar:/Users/akshayyendhe/.m2/repository/io/micrometer/micrometer-core/1.13.13/micrometer-core-1.13.13.jar:/Users/akshayyendhe/.m2/repository/org/hdrhistogram/HdrHistogram/2.2.2/HdrHistogram-2.2.2.jar:/Users/akshayyendhe/.m2/repository/org/latencyutils/LatencyUtils/2.0.3/LatencyUtils-2.0.3.jar:/Users/akshayyendhe/.m2/repository/org/springframework/boot/spring-boot-starter-web/3.3.11/spring-boot-starter-web-3.3.11.jar:/Users/akshayyendhe/.m2/repository/org/springframework/boot/spring-boot-starter-json/3.3.11/spring-boot-starter-json-3.3.11.jar:/Users/akshayyendhe/.m2/repository/com/fasterxml/jackson/datatype/jackson-datatype-jdk8/2.17.3/jackson-datatype-jdk8-2.17.3.jar:/Users/akshayyendhe/.m2/repository/com/fasterxml/jackson/module/jackson-module-parameter-names/2.17.3/jackson-module-parameter-names-2.17.3.jar:/Users/akshayyendhe/.m2/repository/org/springframework/boot/spring-boot-starter-tomcat/3.3.11/spring-boot-starter-tomcat-3.3.11.jar:/Users/akshayyendhe/.m2/repository/org/apache/tomcat/embed/tomcat-embed-core/10.1.40/tomcat-embed-core-10.1.40.jar:/Users/akshayyendhe/.m2/repository/org/apache/tomcat/embed/tomcat-embed-el/10.1.40/tomcat-embed-el-10.1.40.jar:/Users/akshayyendhe/.m2/repository/org/apache/tomcat/embed/tomcat-embed-websocket/10.1.40/tomcat-embed-websocket-10.1.40.jar:/Users/akshayyendhe/.m2/repository/org/springframework/spring-web/6.1.19/spring-web-6.1.19.jar:/Users/akshayyendhe/.m2/repository/org/springframework/spring-beans/6.1.19/spring-beans-6.1.19.jar:/Users/akshayyendhe/.m2/repository/org/springframework/spring-webmvc/6.1.19/spring-webmvc-6.1.19.jar:/Users/akshayyendhe/.m2/repository/org/springframework/spring-aop/6.1.19/spring-aop-6.1.19.jar:/Users/akshayyendhe/.m2/repository/org/springframework/spring-context/6.1.19/spring-context-6.1.19.jar:/Users/akshayyendhe/.m2/repository/org/springframework/spring-expression/6.1.19/spring-expression-6.1.19.jar:/Users/akshayyendhe/.m2/repository/org/springframework/boot/spring-boot-starter-test/3.3.11/spring-boot-starter-test-3.3.11.jar:/Users/akshayyendhe/.m2/repository/org/springframework/boot/spring-boot-test/3.3.11/spring-boot-test-3.3.11.jar:/Users/akshayyendhe/.m2/repository/org/springframework/boot/spring-boot-test-autoconfigure/3.3.11/spring-boot-test-autoconfigure-3.3.11.jar:/Users/akshayyendhe/.m2/repository/com/jayway/jsonpath/json-path/2.9.0/json-path-2.9.0.jar:/Users/akshayyendhe/.m2/repository/org/slf4j/slf4j-api/2.0.17/slf4j-api-2.0.17.jar:/Users/akshayyendhe/.m2/repository/jakarta/xml/bind/jakarta.xml.bind-api/4.0.2/jakarta.xml.bind-api-4.0.2.jar:/Users/akshayyendhe/.m2/repository/jakarta/activation/jakarta.activation-api/2.1.3/jakarta.activation-api-2.1.3.jar:/Users/akshayyendhe/.m2/repository/net/minidev/json-smart/2.5.2/json-smart-2.5.2.jar:/Users/akshayyendhe/.m2/repository/net/minidev/accessors-smart/2.5.2/accessors-smart-2.5.2.jar:/Users/akshayyendhe/.m2/repository/org/ow2/asm/asm/9.7.1/asm-9.7.1.jar:/Users/akshayyendhe/.m2/repository/org/assertj/assertj-core/3.25.3/assertj-core-3.25.3.jar:/Users/akshayyendhe/.m2/repository/net/bytebuddy/byte-buddy/1.14.19/byte-buddy-1.14.19.jar:/Users/akshayyendhe/.m2/repository/org/awaitility/awaitility/4.2.2/awaitility-4.2.2.jar:/Users/akshayyendhe/.m2/repository/org/hamcrest/hamcrest/2.2/hamcrest-2.2.jar:/Users/akshayyendhe/.m2/repository/org/junit/jupiter/junit-jupiter/5.10.5/junit-jupiter-5.10.5.jar:/Users/akshayyendhe/.m2/repository/org/junit/jupiter/junit-jupiter-api/5.10.5/junit-jupiter-api-5.10.5.jar:/Users/akshayyendhe/.m2/repository/org/opentest4j/opentest4j/1.3.0/opentest4j-1.3.0.jar:/Users/akshayyendhe/.m2/repository/org/junit/platform/junit-platform-commons/1.10.5/junit-platform-commons-1.10.5.jar:/Users/akshayyendhe/.m2/repository/org/apiguardian/apiguardian-api/1.1.2/apiguardian-api-1.1.2.jar:/Users/akshayyendhe/.m2/repository/org/junit/jupiter/junit-jupiter-params/5.10.5/junit-jupiter-params-5.10.5.jar:/Users/akshayyendhe/.m2/repository/org/junit/jupiter/junit-jupiter-engine/5.10.5/junit-jupiter-engine-5.10.5.jar:/Users/akshayyendhe/.m2/repository/org/junit/platform/junit-platform-engine/1.10.5/junit-platform-engine-1.10.5.jar:/Users/akshayyendhe/.m2/repository/org/mockito/mockito-core/5.11.0/mockito-core-5.11.0.jar:/Users/akshayyendhe/.m2/repository/net/bytebuddy/byte-buddy-agent/1.14.19/byte-buddy-agent-1.14.19.jar:/Users/akshayyendhe/.m2/repository/org/objenesis/objenesis/3.3/objenesis-3.3.jar:/Users/akshayyendhe/.m2/repository/org/mockito/mockito-junit-jupiter/5.11.0/mockito-junit-jupiter-5.11.0.jar:/Users/akshayyendhe/.m2/repository/org/skyscreamer/jsonassert/1.5.3/jsonassert-1.5.3.jar:/Users/akshayyendhe/.m2/repository/com/vaadin/external/google/android-json/0.0.20131108.vaadin1/android-json-0.0.20131108.vaadin1.jar:/Users/akshayyendhe/.m2/repository/org/springframework/spring-core/6.1.19/spring-core-6.1.19.jar:/Users/akshayyendhe/.m2/repository/org/springframework/spring-jcl/6.1.19/spring-jcl-6.1.19.jar:/Users/akshayyendhe/.m2/repository/org/springframework/spring-test/6.1.19/spring-test-6.1.19.jar:/Users/akshayyendhe/.m2/repository/org/xmlunit/xmlunit-core/2.9.1/xmlunit-core-2.9.1.jar:"/>
    <property name="java.vm.vendor" value="Oracle Corporation"/>
    <property name="sun.arch.data.model" value="64"/>
    <property name="java.vendor.url" value="https://java.oracle.com/"/>
    <property name="user.timezone" value="Asia/Kolkata"/>
    <property name="os.name" value="Mac OS X"/>
    <property name="java.vm.specification.version" value="21"/>
    <property name="sun.java.launcher" value="SUN_STANDARD"/>
    <property name="user.country" value="IN"/>
    <property name="sun.boot.library.path" value="/Library/Java/JavaVirtualMachines/jdk-21.jdk/Contents/Home/lib"/>
    <property name="sun.java.command" value="/Users/akshayyendhe/Downloads/aws/DevOps/Projects/MakeMyTrip/target/surefire/surefirebooter-20250426013838267_3.jar /Users/akshayyendhe/Downloads/aws/DevOps/Projects/MakeMyTrip/target/surefire 2025-04-26T01-38-38_228-jvmRun1 surefire-20250426013838267_1tmp surefire_0-20250426013838267_2tmp"/>
    <property name="http.nonProxyHosts" value="local|*.local|169.254/16|*.169.254/16"/>
    <property name="jdk.debug" value="release"/>
    <property name="surefire.test.class.path" value="/Users/akshayyendhe/Downloads/aws/DevOps/Projects/MakeMyTrip/target/test-classes:/Users/akshayyendhe/Downloads/aws/DevOps/Projects/MakeMyTrip/target/classes:/Users/akshayyendhe/.m2/repository/org/springframework/boot/spring-boot-starter-actuator/3.3.11/spring-boot-starter-actuator-3.3.11.jar:/Users/akshayyendhe/.m2/repository/org/springframework/boot/spring-boot-starter/3.3.11/spring-boot-starter-3.3.11.jar:/Users/akshayyendhe/.m2/repository/org/springframework/boot/spring-boot/3.3.11/spring-boot-3.3.11.jar:/Users/akshayyendhe/.m2/repository/org/springframework/boot/spring-boot-autoconfigure/3.3.11/spring-boot-autoconfigure-3.3.11.jar:/Users/akshayyendhe/.m2/repository/org/springframework/boot/spring-boot-starter-logging/3.3.11/spring-boot-starter-logging-3.3.11.jar:/Users/akshayyendhe/.m2/repository/ch/qos/logback/logback-classic/1.5.18/logback-classic-1.5.18.jar:/Users/akshayyendhe/.m2/repository/ch/qos/logback/logback-core/1.5.18/logback-core-1.5.18.jar:/Users/akshayyendhe/.m2/repository/org/apache/logging/log4j/log4j-to-slf4j/2.23.1/log4j-to-slf4j-2.23.1.jar:/Users/akshayyendhe/.m2/repository/org/apache/logging/log4j/log4j-api/2.23.1/log4j-api-2.23.1.jar:/Users/akshayyendhe/.m2/repository/org/slf4j/jul-to-slf4j/2.0.17/jul-to-slf4j-2.0.17.jar:/Users/akshayyendhe/.m2/repository/jakarta/annotation/jakarta.annotation-api/2.1.1/jakarta.annotation-api-2.1.1.jar:/Users/akshayyendhe/.m2/repository/org/yaml/snakeyaml/2.2/snakeyaml-2.2.jar:/Users/akshayyendhe/.m2/repository/org/springframework/boot/spring-boot-actuator-autoconfigure/3.3.11/spring-boot-actuator-autoconfigure-3.3.11.jar:/Users/akshayyendhe/.m2/repository/org/springframework/boot/spring-boot-actuator/3.3.11/spring-boot-actuator-3.3.11.jar:/Users/akshayyendhe/.m2/repository/com/fasterxml/jackson/core/jackson-databind/2.17.3/jackson-databind-2.17.3.jar:/Users/akshayyendhe/.m2/repository/com/fasterxml/jackson/core/jackson-annotations/2.17.3/jackson-annotations-2.17.3.jar:/Users/akshayyendhe/.m2/repository/com/fasterxml/jackson/core/jackson-core/2.17.3/jackson-core-2.17.3.jar:/Users/akshayyendhe/.m2/repository/com/fasterxml/jackson/datatype/jackson-datatype-jsr310/2.17.3/jackson-datatype-jsr310-2.17.3.jar:/Users/akshayyendhe/.m2/repository/io/micrometer/micrometer-observation/1.13.13/micrometer-observation-1.13.13.jar:/Users/akshayyendhe/.m2/repository/io/micrometer/micrometer-commons/1.13.13/micrometer-commons-1.13.13.jar:/Users/akshayyendhe/.m2/repository/io/micrometer/micrometer-jakarta9/1.13.13/micrometer-jakarta9-1.13.13.jar:/Users/akshayyendhe/.m2/repository/io/micrometer/micrometer-core/1.13.13/micrometer-core-1.13.13.jar:/Users/akshayyendhe/.m2/repository/org/hdrhistogram/HdrHistogram/2.2.2/HdrHistogram-2.2.2.jar:/Users/akshayyendhe/.m2/repository/org/latencyutils/LatencyUtils/2.0.3/LatencyUtils-2.0.3.jar:/Users/akshayyendhe/.m2/repository/org/springframework/boot/spring-boot-starter-web/3.3.11/spring-boot-starter-web-3.3.11.jar:/Users/akshayyendhe/.m2/repository/org/springframework/boot/spring-boot-starter-json/3.3.11/spring-boot-starter-json-3.3.11.jar:/Users/akshayyendhe/.m2/repository/com/fasterxml/jackson/datatype/jackson-datatype-jdk8/2.17.3/jackson-datatype-jdk8-2.17.3.jar:/Users/akshayyendhe/.m2/repository/com/fasterxml/jackson/module/jackson-module-parameter-names/2.17.3/jackson-module-parameter-names-2.17.3.jar:/Users/akshayyendhe/.m2/repository/org/springframework/boot/spring-boot-starter-tomcat/3.3.11/spring-boot-starter-tomcat-3.3.11.jar:/Users/akshayyendhe/.m2/repository/org/apache/tomcat/embed/tomcat-embed-core/10.1.40/tomcat-embed-core-10.1.40.jar:/Users/akshayyendhe/.m2/repository/org/apache/tomcat/embed/tomcat-embed-el/10.1.40/tomcat-embed-el-10.1.40.jar:/Users/akshayyendhe/.m2/repository/org/apache/tomcat/embed/tomcat-embed-websocket/10.1.40/tomcat-embed-websocket-10.1.40.jar:/Users/akshayyendhe/.m2/repository/org/springframework/spring-web/6.1.19/spring-web-6.1.19.jar:/Users/akshayyendhe/.m2/repository/org/springframework/spring-beans/6.1.19/spring-beans-6.1.19.jar:/Users/akshayyendhe/.m2/repository/org/springframework/spring-webmvc/6.1.19/spring-webmvc-6.1.19.jar:/Users/akshayyendhe/.m2/repository/org/springframework/spring-aop/6.1.19/spring-aop-6.1.19.jar:/Users/akshayyendhe/.m2/repository/org/springframework/spring-context/6.1.19/spring-context-6.1.19.jar:/Users/akshayyendhe/.m2/repository/org/springframework/spring-expression/6.1.19/spring-expression-6.1.19.jar:/Users/akshayyendhe/.m2/repository/org/springframework/boot/spring-boot-starter-test/3.3.11/spring-boot-starter-test-3.3.11.jar:/Users/akshayyendhe/.m2/repository/org/springframework/boot/spring-boot-test/3.3.11/spring-boot-test-3.3.11.jar:/Users/akshayyendhe/.m2/repository/org/springframework/boot/spring-boot-test-autoconfigure/3.3.11/spring-boot-test-autoconfigure-3.3.11.jar:/Users/akshayyendhe/.m2/repository/com/jayway/jsonpath/json-path/2.9.0/json-path-2.9.0.jar:/Users/akshayyendhe/.m2/repository/org/slf4j/slf4j-api/2.0.17/slf4j-api-2.0.17.jar:/Users/akshayyendhe/.m2/repository/jakarta/xml/bind/jakarta.xml.bind-api/4.0.2/jakarta.xml.bind-api-4.0.2.jar:/Users/akshayyendhe/.m2/repository/jakarta/activation/jakarta.activation-api/2.1.3/jakarta.activation-api-2.1.3.jar:/Users/akshayyendhe/.m2/repository/net/minidev/json-smart/2.5.2/json-smart-2.5.2.jar:/Users/akshayyendhe/.m2/repository/net/minidev/accessors-smart/2.5.2/accessors-smart-2.5.2.jar:/Users/akshayyendhe/.m2/repository/org/ow2/asm/asm/9.7.1/asm-9.7.1.jar:/Users/akshayyendhe/.m2/repository/org/assertj/assertj-core/3.25.3/assertj-core-3.25.3.jar:/Users/akshayyendhe/.m2/repository/net/bytebuddy/byte-buddy/1.14.19/byte-buddy-1.14.19.jar:/Users/akshayyendhe/.m2/repository/org/awaitility/awaitility/4.2.2/awaitility-4.2.2.jar:/Users/akshayyendhe/.m2/repository/org/hamcrest/hamcrest/2.2/hamcrest-2.2.jar:/Users/akshayyendhe/.m2/repository/org/junit/jupiter/junit-jupiter/5.10.5/junit-jupiter-5.10.5.jar:/Users/akshayyendhe/.m2/repository/org/junit/jupiter/junit-jupiter-api/5.10.5/junit-jupiter-api-5.10.5.jar:/Users/akshayyendhe/.m2/repository/org/opentest4j/opentest4j/1.3.0/opentest4j-1.3.0.jar:/Users/akshayyendhe/.m2/repository/org/junit/platform/junit-platform-commons/1.10.5/junit-platform-commons-1.10.5.jar:/Users/akshayyendhe/.m2/repository/org/apiguardian/apiguardian-api/1.1.2/apiguardian-api-1.1.2.jar:/Users/akshayyendhe/.m2/repository/org/junit/jupiter/junit-jupiter-params/5.10.5/junit-jupiter-params-5.10.5.jar:/Users/akshayyendhe/.m2/repository/org/junit/jupiter/junit-jupiter-engine/5.10.5/junit-jupiter-engine-5.10.5.jar:/Users/akshayyendhe/.m2/repository/org/junit/platform/junit-platform-engine/1.10.5/junit-platform-engine-1.10.5.jar:/Users/akshayyendhe/.m2/repository/org/mockito/mockito-core/5.11.0/mockito-core-5.11.0.jar:/Users/akshayyendhe/.m2/repository/net/bytebuddy/byte-buddy-agent/1.14.19/byte-buddy-agent-1.14.19.jar:/Users/akshayyendhe/.m2/repository/org/objenesis/objenesis/3.3/objenesis-3.3.jar:/Users/akshayyendhe/.m2/repository/org/mockito/mockito-junit-jupiter/5.11.0/mockito-junit-jupiter-5.11.0.jar:/Users/akshayyendhe/.m2/repository/org/skyscreamer/jsonassert/1.5.3/jsonassert-1.5.3.jar:/Users/akshayyendhe/.m2/repository/com/vaadin/external/google/android-json/0.0.20131108.vaadin1/android-json-0.0.20131108.vaadin1.jar:/Users/akshayyendhe/.m2/repository/org/springframework/spring-core/6.1.19/spring-core-6.1.19.jar:/Users/akshayyendhe/.m2/repository/org/springframework/spring-jcl/6.1.19/spring-jcl-6.1.19.jar:/Users/akshayyendhe/.m2/repository/org/springframework/spring-test/6.1.19/spring-test-6.1.19.jar:/Users/akshayyendhe/.m2/repository/org/xmlunit/xmlunit-core/2.9.1/xmlunit-core-2.9.1.jar:"/>
    <property name="sun.cpu.endian" value="little"/>
    <property name="user.home" value="/Users/akshayyendhe"/>
    <property name="user.language" value="en"/>
    <property name="java.specification.vendor" value="Oracle Corporation"/>
    <property name="java.version.date" value="2024-10-15"/>
    <property name="java.home" value="/Library/Java/JavaVirtualMachines/jdk-21.jdk/Contents/Home"/>
    <property name="file.separator" value="/"/>
    <property name="basedir" value="/Users/akshayyendhe/Downloads/aws/DevOps/Projects/MakeMyTrip"/>
    <property name="java.vm.compressedOopsMode" value="Zero based"/>
    <property name="line.separator" value="&#10;"/>
    <property name="java.vm.specification.vendor" value="Oracle Corporation"/>
    <property name="java.specification.name" value="Java Platform API Specification"/>
    <property name="FILE_LOG_CHARSET" value="UTF-8"/>
    <property name="java.awt.headless" value="true"/>
    <property name="apple.awt.application.name" value="ForkedBooter"/>
    <property name="surefire.real.class.path" value="/Users/akshayyendhe/Downloads/aws/DevOps/Projects/MakeMyTrip/target/surefire/surefirebooter-20250426013838267_3.jar"/>
    <property name="sun.management.compiler" value="HotSpot 64-Bit Tiered Compilers"/>
    <property name="ftp.nonProxyHosts" value="local|*.local|169.254/16|*.169.254/16"/>
    <property name="java.runtime.version" value="21.0.5+9-LTS-239"/>
    <property name="user.name" value="akshayyendhe"/>
    <property name="stdout.encoding" value="UTF-8"/>
    <property name="path.separator" value=":"/>
    <property name="os.version" value="15.4.1"/>
    <property name="java.runtime.name" value="Java(TM) SE Runtime Environment"/>
    <property name="file.encoding" value="UTF-8"/>
    <property name="java.vm.name" value="Java HotSpot(TM) 64-Bit Server VM"/>
    <property name="localRepository" value="/Users/akshayyendhe/.m2/repository"/>
    <property name="java.vendor.url.bug" value="https://bugreport.java.com/bugreport/"/>
    <property name="java.io.tmpdir" value="/var/folders/fp/mpl0pxx51tsd7m_7g4ckwlz00000gn/T/"/>
    <property name="java.version" value="21.0.5"/>
    <property name="user.dir" value="/Users/akshayyendhe/Downloads/aws/DevOps/Projects/MakeMyTrip"/>
    <property name="os.arch" value="aarch64"/>
    <property name="java.vm.specification.name" value="Java Virtual Machine Specification"/>
    <property name="PID" value="19535"/>
    <property name="CONSOLE_LOG_CHARSET" value="UTF-8"/>
    <property name="native.encoding" value="UTF-8"/>
    <property name="java.library.path" value="/Users/akshayyendhe/Library/Java/Extensions:/Library/Java/Extensions:/Network/Library/Java/Extensions:/System/Library/Java/Extensions:/usr/lib/java:."/>
    <property name="java.vm.info" value="mixed mode, sharing"/>
    <property name="stderr.encoding" value="UTF-8"/>
    <property name="java.vendor" value="Oracle Corporation"/>
    <property name="java.vm.version" value="21.0.5+9-LTS-239"/>
    <property name="sun.io.unicode.encoding" value="UnicodeBig"/>
    <property name="socksNonProxyHosts" value="local|*.local|169.254/16|*.169.254/16"/>
    <property name="java.class.version" value="65.0"/>
    <property name="LOGGED_APPLICATION_NAME" value="[MakeMyTrip] "/>
  </properties>
  <testcase name="contextLoads" classname="com.example.MakeMyTrip.MakeMyTripApplicationTests" time="0.444">
    <system-out><![CDATA[01:38:38.606 [main] INFO org.springframework.test.context.support.AnnotationConfigContextLoaderUtils -- Could not detect default configuration classes for test class [com.example.MakeMyTrip.MakeMyTripApplicationTests]: MakeMyTripApplicationTests does not declare any static, non-private, non-final, nested classes annotated with @Configuration.
01:38:38.663 [main] INFO org.springframework.boot.test.context.SpringBootTestContextBootstrapper -- Found @SpringBootConfiguration com.example.MakeMyTrip.MakeMyTripApplication for test class com.example.MakeMyTrip.MakeMyTripApplicationTests

  .   ____          _            __ _ _
 /\\ / ___'_ __ _ _(_)_ __  __ _ \ \ \ \
( ( )\___ | '_ | '_| | '_ \/ _` | \ \ \ \
 \\/  ___)| |_)| | | | | || (_| |  ) ) ) )
  '  |____| .__|_| |_|_| |_\__, | / / / /
 =========|_|==============|___/=/_/_/_/

 :: Spring Boot ::               (v3.3.11)

2025-04-26T01:38:38.833+05:30  INFO 19535 --- [MakeMyTrip] [           main] c.e.M.MakeMyTripApplicationTests         : Starting MakeMyTripApplicationTests using Java 21.0.5 with PID 19535 (started by akshayyendhe in /Users/akshayyendhe/Downloads/aws/DevOps/Projects/MakeMyTrip)
2025-04-26T01:38:38.834+05:30  INFO 19535 --- [MakeMyTrip] [           main] c.e.M.MakeMyTripApplicationTests         : No active profile set, falling back to 1 default profile: "default"
2025-04-26T01:38:39.440+05:30  INFO 19535 --- [MakeMyTrip] [           main] o.s.b.a.e.web.EndpointLinksResolver      : Exposing 1 endpoint beneath base path '/actuator'
2025-04-26T01:38:39.468+05:30  INFO 19535 --- [MakeMyTrip] [           main] c.e.M.MakeMyTripApplicationTests         : Started MakeMyTripApplicationTests in 0.745 seconds (process running for 1.159)
]]></system-out>
    <system-err><![CDATA[WARNING: A Java agent has been loaded dynamically (/Users/akshayyendhe/.m2/repository/net/bytebuddy/byte-buddy-agent/1.14.19/byte-buddy-agent-1.14.19.jar)
WARNING: If a serviceability tool is in use, please run with -XX:+EnableDynamicAgentLoading to hide this warning
WARNING: If a serviceability tool is not in use, please run with -Djdk.instrument.traceUsage for more information
WARNING: Dynamic loading of agents will be disallowed by default in a future release
]]></system-err>
  </testcase>
</testsuite>